[debug] [2022-08-04T08:42:41.792Z] ----------------------------------------------------------------------
[debug] [2022-08-04T08:42:41.794Z] Command:       C:\Program Files\nodejs\node.exe C:\Users\jchintaginjala\AppData\Roaming\npm\node_modules\firebase-tools\lib\bin\firebase.js init
[debug] [2022-08-04T08:42:41.795Z] CLI Version:   11.4.2
[debug] [2022-08-04T08:42:41.795Z] Platform:      win32
[debug] [2022-08-04T08:42:41.795Z] Node Version:  v16.16.0
[debug] [2022-08-04T08:42:41.796Z] Time:          Thu Aug 04 2022 14:12:41 GMT+0530 (India Standard Time)
[debug] [2022-08-04T08:42:41.796Z] ----------------------------------------------------------------------
[debug] 
[debug] [2022-08-04T08:42:41.805Z] > command requires scopes: ["email","openid","https://www.googleapis.com/auth/cloudplatformprojects.readonly","https://www.googleapis.com/auth/firebase","https://www.googleapis.com/auth/cloud-platform"]
[debug] [2022-08-04T08:42:41.806Z] > authorizing via signed-in user (cjvprasad3000@gmail.com)
[info] 
     ######## #### ########  ######## ########     ###     ######  ########
     ##        ##  ##     ## ##       ##     ##  ##   ##  ##       ##
     ######    ##  ########  ######   ########  #########  ######  ######
     ##        ##  ##    ##  ##       ##     ## ##     ##       ## ##
     ##       #### ##     ## ######## ########  ##     ##  ######  ########

You're about to initialize a Firebase project in this directory:

  C:\Users\jchintaginjala\Documents\Angular\tasks\recipe-book-v4

[info] 
=== Project Setup
[info] 
[info] First, let's associate this project directory with a Firebase project.
[info] You can create multiple project aliases by running firebase use --add, 
[info] but for now we'll just set up a default project.
[info] 
[debug] [2022-08-04T08:42:47.739Z] >>> [apiv2][query] GET https://firebase.googleapis.com/v1beta1/projects pageSize=100
[debug] [2022-08-04T08:42:48.540Z] <<< [apiv2][status] GET https://firebase.googleapis.com/v1beta1/projects 200
[debug] [2022-08-04T08:42:48.541Z] <<< [apiv2][body] GET https://firebase.googleapis.com/v1beta1/projects [omitted]
[info] i  Using project recipe-book-v4 (Recipe-book-v4) 
[info] 
=== Database Setup
[info] i  database: ensuring required API firebasedatabase.googleapis.com is enabled... 
[debug] [2022-08-04T08:42:51.529Z] >>> [apiv2][query] GET https://serviceusage.googleapis.com/v1/projects/recipe-book-v4/services/firebasedatabase.googleapis.com [none]
[debug] [2022-08-04T08:42:53.377Z] <<< [apiv2][status] GET https://serviceusage.googleapis.com/v1/projects/recipe-book-v4/services/firebasedatabase.googleapis.com 200
[debug] [2022-08-04T08:42:53.377Z] <<< [apiv2][body] GET https://serviceusage.googleapis.com/v1/projects/recipe-book-v4/services/firebasedatabase.googleapis.com [omitted]
[info] +  database: required API firebasedatabase.googleapis.com is enabled 
[info] 
[debug] [2022-08-04T08:42:53.378Z] >>> [apiv2][query] GET https://firebasedatabase.googleapis.com/v1beta/projects/recipe-book-v4/locations/-/instances/recipe-book-v4-default-rtdb [none]
[debug] [2022-08-04T08:42:54.029Z] <<< [apiv2][status] GET https://firebasedatabase.googleapis.com/v1beta/projects/recipe-book-v4/locations/-/instances/recipe-book-v4-default-rtdb 200
[debug] [2022-08-04T08:42:54.029Z] <<< [apiv2][body] GET https://firebasedatabase.googleapis.com/v1beta/projects/recipe-book-v4/locations/-/instances/recipe-book-v4-default-rtdb {"name":"projects/330269751221/locations/asia-southeast1/instances/recipe-book-v4-default-rtdb","project":"projects/330269751221","databaseUrl":"https://recipe-book-v4-default-rtdb.asia-southeast1.firebasedatabase.app","type":"DEFAULT_DATABASE","state":"ACTIVE"}
[info] 
[info] Firebase Realtime Database Security Rules allow you to define how your data should be
[info] structured and when your data can be read from and written to.
[info] 
[debug] [2022-08-04T08:43:27.388Z] ----------------------------------------------------------------------
[debug] [2022-08-04T08:43:27.391Z] Command:       C:\Program Files\nodejs\node.exe C:\Users\jchintaginjala\AppData\Roaming\npm\node_modules\firebase-tools\lib\bin\firebase.js init
[debug] [2022-08-04T08:43:27.392Z] CLI Version:   11.4.2
[debug] [2022-08-04T08:43:27.393Z] Platform:      win32
[debug] [2022-08-04T08:43:27.393Z] Node Version:  v16.16.0
[debug] [2022-08-04T08:43:27.394Z] Time:          Thu Aug 04 2022 14:13:27 GMT+0530 (India Standard Time)
[debug] [2022-08-04T08:43:27.395Z] ----------------------------------------------------------------------
[debug] 
[debug] [2022-08-04T08:43:27.402Z] > command requires scopes: ["email","openid","https://www.googleapis.com/auth/cloudplatformprojects.readonly","https://www.googleapis.com/auth/firebase","https://www.googleapis.com/auth/cloud-platform"]
[debug] [2022-08-04T08:43:27.402Z] > authorizing via signed-in user (cjvprasad3000@gmail.com)
[info] 
     ######## #### ########  ######## ########     ###     ######  ########
     ##        ##  ##     ## ##       ##     ##  ##   ##  ##       ##
     ######    ##  ########  ######   ########  #########  ######  ######
     ##        ##  ##    ##  ##       ##     ## ##     ##       ## ##
     ##       #### ##     ## ######## ########  ##     ##  ######  ########

You're about to initialize a Firebase project in this directory:

  C:\Users\jchintaginjala\Documents\Angular\tasks\recipe-book-v4

[info] 
=== Project Setup
[info] 
[info] First, let's associate this project directory with a Firebase project.
[info] You can create multiple project aliases by running firebase use --add, 
[info] but for now we'll just set up a default project.
[info] 
[debug] [2022-08-04T08:43:33.174Z] >>> [apiv2][query] GET https://firebase.googleapis.com/v1beta1/projects pageSize=100
[debug] [2022-08-04T08:43:33.911Z] <<< [apiv2][status] GET https://firebase.googleapis.com/v1beta1/projects 200
[debug] [2022-08-04T08:43:33.911Z] <<< [apiv2][body] GET https://firebase.googleapis.com/v1beta1/projects [omitted]
[info] i  Using project recipe-book-v4 (Recipe-book-v4) 
[info] 
=== Database Setup
[info] i  database: ensuring required API firebasedatabase.googleapis.com is enabled... 
[debug] [2022-08-04T08:43:36.287Z] >>> [apiv2][query] GET https://serviceusage.googleapis.com/v1/projects/recipe-book-v4/services/firebasedatabase.googleapis.com [none]
[debug] [2022-08-04T08:43:37.983Z] <<< [apiv2][status] GET https://serviceusage.googleapis.com/v1/projects/recipe-book-v4/services/firebasedatabase.googleapis.com 200
[debug] [2022-08-04T08:43:37.983Z] <<< [apiv2][body] GET https://serviceusage.googleapis.com/v1/projects/recipe-book-v4/services/firebasedatabase.googleapis.com [omitted]
[info] +  database: required API firebasedatabase.googleapis.com is enabled 
[info] 
[debug] [2022-08-04T08:43:37.986Z] >>> [apiv2][query] GET https://firebasedatabase.googleapis.com/v1beta/projects/recipe-book-v4/locations/-/instances/recipe-book-v4-default-rtdb [none]
[debug] [2022-08-04T08:43:38.635Z] <<< [apiv2][status] GET https://firebasedatabase.googleapis.com/v1beta/projects/recipe-book-v4/locations/-/instances/recipe-book-v4-default-rtdb 200
[debug] [2022-08-04T08:43:38.635Z] <<< [apiv2][body] GET https://firebasedatabase.googleapis.com/v1beta/projects/recipe-book-v4/locations/-/instances/recipe-book-v4-default-rtdb {"name":"projects/330269751221/locations/asia-southeast1/instances/recipe-book-v4-default-rtdb","project":"projects/330269751221","databaseUrl":"https://recipe-book-v4-default-rtdb.asia-southeast1.firebasedatabase.app","type":"DEFAULT_DATABASE","state":"ACTIVE"}
[info] 
[info] Firebase Realtime Database Security Rules allow you to define how your data should be
[info] structured and when your data can be read from and written to.
[info] 
